0 verbose cli /usr/bin/node /usr/bin/npm
1 info using npm@9.2.0
2 info using node@v18.19.1
3 timing npm:load:whichnode Completed in 0ms
4 timing config:load:defaults Completed in 1ms
5 timing config:load:file:/usr/share/nodejs/npm/npmrc Completed in 2ms
6 timing config:load:builtin Completed in 2ms
7 timing config:load:cli Completed in 1ms
8 timing config:load:env Completed in 0ms
9 timing config:load:project Completed in 2ms
10 timing config:load:file:/home/acead/.npmrc Completed in 0ms
11 timing config:load:user Completed in 0ms
12 timing config:load:file:/etc/npmrc Completed in 0ms
13 timing config:load:global Completed in 0ms
14 timing config:load:setEnvs Completed in 1ms
15 timing config:load Completed in 7ms
16 timing npm:load:configload Completed in 7ms
17 timing npm:load:mkdirpcache Completed in 0ms
18 timing npm:load:mkdirplogs Completed in 1ms
19 verbose title npm fund acead
20 verbose argv "fund" "acead"
21 timing npm:load:setTitle Completed in 1ms
22 timing config:load:flatten Completed in 2ms
23 timing npm:load:display Completed in 3ms
24 verbose logfile logs-max:10 dir:/home/acead/.npm/_logs/2025-10-18T12_03_56_881Z-
25 verbose logfile /home/acead/.npm/_logs/2025-10-18T12_03_56_881Z-debug-0.log
26 timing npm:load:logFile Completed in 5ms
27 timing npm:load:timers Completed in 0ms
28 timing npm:load:configScope Completed in 0ms
29 timing npm:load Completed in 17ms
30 silly logfile done cleaning log files
31 timing config:load:flatten Completed in 0ms
32 timing arborist:ctor Completed in 1ms
33 http fetch GET 404 https://registry.npmjs.org/acead 353ms (cache skip)
34 http fetch GET 404 https://registry.npmjs.org/acead 332ms (cache skip)
35 timing command:fund Completed in 699ms
36 verbose stack Error: No valid funding method available for: acead
36 verbose stack     at Fund.openFundingUrl (/usr/share/nodejs/npm/lib/commands/fund.js:202:30)
36 verbose stack     at process.processTicksAndRejections (node:internal/process/task_queues:95:5)
36 verbose stack     at async Fund.exec (/usr/share/nodejs/npm/lib/commands/fund.js:59:7)
36 verbose stack     at async module.exports (/usr/share/nodejs/npm/lib/cli.js:133:5)
37 verbose cwd /home/acead
38 verbose Linux 6.6.87.2-microsoft-standard-WSL2
39 verbose node v18.19.1
40 verbose npm  v9.2.0
41 error code ENOFUND
42 error No valid funding method available for: acead
43 verbose exit 1
44 timing npm Completed in 728ms
45 verbose code 1
46 error A complete log of this run can be found in:
46 error     /home/acead/.npm/_logs/2025-10-18T12_03_56_881Z-debug-0.log
